~~~
<div id="fd591ca9-3e93-4021-b131-b78a07ca5953" data-jscall-id="108" style="visibility: hidden;">
  <div data-jscall-id="103">slider 1: 
    <input step="1" max="100" min="1" data-jscall-id="104" value="1" oninput="JSServe.update_obs('6308363324463193908', parseFloat(value))" type="range" />
    <p data-jscall-id="102">1</p>
  </div>
  <script data-jscall-id="105" type="text/javascript">
    window.__define = window.define;
    window.__require = window.require;
    window.define = undefined;
    window.require = undefined;

</script>
  <script data-jscall-id="106" type="text/javascript">
    window.define = window.__define;
    window.require = window.__require;
    window.__define = undefined;
    window.__require = undefined;

</script>
  <script data-jscall-id="107" type="text/javascript">
(()=> {
    JSServe.register_sub_session('fd591ca9-3e93-4021-b131-b78a07ca5953')
    const init_data_b64 = 'H4sIAAAAAAAAA8VUQW/TMBgV1/4K37JKa+fESWojjQOMA5VgTOWGkOXGX4shsaPE6RpNXMoZaVy5AdLKfX+Cv8C/wU1HC6jqRDuJHCJb3/s+573nvNk8F3VqhPz0/tfq3hclr2OCKYkJCcIwJj4jDNNvWTnmts7hc7TCzq45fyMmokwKldumyvlVf/DISFhhrkpTFQn8+F6ArQqNRpVOrDIaGc2rXAoLBxrO+USkFbTRRQu55+hIaQtFblJhlR4jM0Inp0+RdnNLJLRExr6GAvWrVAnUdJbo3BRvUWZKm9ZIlAimOSQW5P1mYGJ0aVHOIYUMtEXHiHNwjdwVLEwt5y/xqwa5wnSV1lC8cEWHXn1h611rftPzcSP9+YnJnv3G/6uPg1sl9f+Un0RhHMQkYEGIWeiHmOJN8ssFlkWE+iGLWRySgAa0R3ubsM3cgDKKMYv9MCIRjanb7m3r8xtbG3WOH6D+YADFBLpLa/nCMi6sLdSwck5vUP0QeaWF3Dtcjmj/s7zhrZL5u1E7vQNqmZjuyWyrwf+TmdJ7Mtt6HXdkdnYHzJrePblt/91nO3H7sE4ykeepSsQiR7k0mUsoaZKqia0x2MfLBHtYP5EH3khGzE8E6xBgpBPiwO8MfeJePSpwLxGRu2Beu8m+v6Z2S1un0J2oUg1VqmztjvGaXQreKgYv17yC9ZL9BJifgN9bBgAA'
    JSServe.init_from_b64(init_data_b64)
    if (!true){
        JSServe.update_obs('14241580034660284716', true)
    }
})()
</script>
</div>
~~~
